[31m[InvalidContentEntryDataError][39m [1mservices → canada[22m data does not match collection schema.

  **: [
  {
    "expected": "string",
    "code": "invalid_type",
    "path": [
      "tab"
    ],
    "message": "[1mtab[22m: Required"
  }
]

  [1mHint:[22m
[33m    See [4mhttps://docs.astro.build/en/guides/content-collections/[24m for more information on content schemas.[39m
  [1mError reference:[22m
    [36m[4mhttps://docs.astro.build/en/reference/errors/invalid-content-entry-data-error/[24m[39m
  [1mLocation:[22m
    [4mC:\repos\pixelboost-astro\src\content\services\canada.md:0:0[24m
  [1mStack trace:[22m
[2m    at getEntryData (C:\repos\pixelboost-astro\node_modules\astro\dist\content\utils.js:123:16)
    at async eval (C:\repos\pixelboost-astro\node_modules\astro\dist\content\loaders\glob.js:211:13)[22m
